WiFiControl: Debug mode set to: true
WiFiControl: Determining system wireless interface...
WiFiControl: Host machine is Linux.
WiFiControl: Executing: nmcli -m multiline device status | grep wlan
WiFiControl: Automatically located wireless interface wlan0.
WiFiControl: Scanning for nearby WiFi Access Points...
WiFiControl: Nearby WiFi APs successfully scanned (9 found).
ERR | 1518115029698 | Sonoff is not in pairing mode. Please, Long press until led start blinking fast.
WiFiControl: Scanning for nearby WiFi Access Points...
WiFiControl: Nearby WiFi APs successfully scanned (9 found).
ERR | 1518115030663 | Sonoff is not in pairing mode. Please, Long press until led start blinking fast.
WiFiControl: Scanning for nearby WiFi Access Points...
WiFiControl: Nearby WiFi APs successfully scanned (9 found).
ERR | 1518115031610 | Sonoff is not in pairing mode. Please, Long press until led start blinking fast.
WiFiControl: Scanning for nearby WiFi Access Points...
WiFiControl: Nearby WiFi APs successfully scanned (9 found).
ERR | 1518115032560 | Sonoff is not in pairing mode. Please, Long press until led start blinking fast.
WiFiControl: Scanning for nearby WiFi Access Points...
WiFiControl: Nearby WiFi APs successfully scanned (9 found).
ERR | 1518115033537 | Sonoff is not in pairing mode. Please, Long press until led start blinking fast.
WiFiControl: Scanning for nearby WiFi Access Points...
WiFiControl: Nearby WiFi APs successfully scanned (9 found).
ERR | 1518115034612 | Sonoff is not in pairing mode. Please, Long press until led start blinking fast.
WiFiControl: Scanning for nearby WiFi Access Points...
WiFiControl: Nearby WiFi APs successfully scanned (9 found).
ERR | 1518115035533 | Sonoff is not in pairing mode. Please, Long press until led start blinking fast.
WiFiControl: Scanning for nearby WiFi Access Points...
WiFiControl: Nearby WiFi APs successfully scanned (9 found).
ERR | 1518115036463 | Sonoff is not in pairing mode. Please, Long press until led start blinking fast.
WiFiControl: Scanning for nearby WiFi Access Points...
WiFiControl: Nearby WiFi APs successfully scanned (9 found).
ERR | 1518115037371 | Sonoff is not in pairing mode. Please, Long press until led start blinking fast.
WiFiControl: Scanning for nearby WiFi Access Points...
WiFiControl: Nearby WiFi APs successfully scanned (9 found).
ERR | 1518115038295 | Sonoff is not in pairing mode. Please, Long press until led start blinking fast.
WiFiControl: Scanning for nearby WiFi Access Points...
WiFiControl: Nearby WiFi APs successfully scanned (9 found).
ERR | 1518115039208 | Sonoff is not in pairing mode. Please, Long press until led start blinking fast.
WiFiControl: Debug mode set to: true
WiFiControl: Determining system wireless interface...
WiFiControl: Host machine is Linux.
WiFiControl: Executing: nmcli -m multiline device status | grep wlan
WiFiControl: Automatically located wireless interface wlan0.
WiFiControl: Scanning for nearby WiFi Access Points...
WiFiControl: Nearby WiFi APs successfully scanned (9 found).
ERR | 1518115050266 | Sonoff is not in pairing mode. Please, Long press until led start blinking fast.
WiFiControl: Scanning for nearby WiFi Access Points...
WiFiControl: Nearby WiFi APs successfully scanned (8 found).
ERR | 1518115051223 | Sonoff is not in pairing mode. Please, Long press until led start blinking fast.
WiFiControl: Scanning for nearby WiFi Access Points...
WiFiControl: Nearby WiFi APs successfully scanned (8 found).
ERR | 1518115052135 | Sonoff is not in pairing mode. Please, Long press until led start blinking fast.
WiFiControl: Scanning for nearby WiFi Access Points...
WiFiControl: Nearby WiFi APs successfully scanned (8 found).
ERR | 1518115053061 | Sonoff is not in pairing mode. Please, Long press until led start blinking fast.
WiFiControl: Scanning for nearby WiFi Access Points...
WiFiControl: Nearby WiFi APs successfully scanned (8 found).
ERR | 1518115053949 | Sonoff is not in pairing mode. Please, Long press until led start blinking fast.
WiFiControl: Scanning for nearby WiFi Access Points...
WiFiControl: Nearby WiFi APs successfully scanned (8 found).
ERR | 1518115054863 | Sonoff is not in pairing mode. Please, Long press until led start blinking fast.
WiFiControl: Scanning for nearby WiFi Access Points...
WiFiControl: Nearby WiFi APs successfully scanned (8 found).
ERR | 1518115055823 | Sonoff is not in pairing mode. Please, Long press until led start blinking fast.
WiFiControl: Scanning for nearby WiFi Access Points...
WiFiControl: Nearby WiFi APs successfully scanned (8 found).
ERR | 1518115056725 | Sonoff is not in pairing mode. Please, Long press until led start blinking fast.
WiFiControl: Scanning for nearby WiFi Access Points...
WiFiControl: Nearby WiFi APs successfully scanned (8 found).
ERR | 1518115057650 | Sonoff is not in pairing mode. Please, Long press until led start blinking fast.
WiFiControl: Scanning for nearby WiFi Access Points...
WiFiControl: Nearby WiFi APs successfully scanned (8 found).
ERR | 1518115058541 | Sonoff is not in pairing mode. Please, Long press until led start blinking fast.
WiFiControl: Scanning for nearby WiFi Access Points...
WiFiControl: Nearby WiFi APs successfully scanned (8 found).
ERR | 1518115059440 | Sonoff is not in pairing mode. Please, Long press until led start blinking fast.
WiFiControl: Scanning for nearby WiFi Access Points...
WiFiControl: Nearby WiFi APs successfully scanned (8 found).
ERR | 1518115060350 | Sonoff is not in pairing mode. Please, Long press until led start blinking fast.
WiFiControl: Scanning for nearby WiFi Access Points...
WiFiControl: Nearby WiFi APs successfully scanned (8 found).
ERR | 1518115061283 | Sonoff is not in pairing mode. Please, Long press until led start blinking fast.
WiFiControl: Scanning for nearby WiFi Access Points...
WiFiControl: Nearby WiFi APs successfully scanned (8 found).
ERR | 1518115062243 | Sonoff is not in pairing mode. Please, Long press until led start blinking fast.
WiFiControl: Scanning for nearby WiFi Access Points...
WiFiControl: Nearby WiFi APs successfully scanned (8 found).
ERR | 1518115063138 | Sonoff is not in pairing mode. Please, Long press until led start blinking fast.
WiFiControl: Scanning for nearby WiFi Access Points...
WiFiControl: Nearby WiFi APs successfully scanned (8 found).
ERR | 1518115064025 | Sonoff is not in pairing mode. Please, Long press until led start blinking fast.
WiFiControl: Scanning for nearby WiFi Access Points...
WiFiControl: Nearby WiFi APs successfully scanned (8 found).
ERR | 1518115064935 | Sonoff is not in pairing mode. Please, Long press until led start blinking fast.
WiFiControl: Scanning for nearby WiFi Access Points...
WiFiControl: Nearby WiFi APs successfully scanned (8 found).
ERR | 1518115065862 | Sonoff is not in pairing mode. Please, Long press until led start blinking fast.
WiFiControl: Scanning for nearby WiFi Access Points...
WiFiControl: Nearby WiFi APs successfully scanned (8 found).
ERR | 1518115066779 | Sonoff is not in pairing mode. Please, Long press until led start blinking fast.
WiFiControl: Scanning for nearby WiFi Access Points...
WiFiControl: Nearby WiFi APs successfully scanned (8 found).
ERR | 1518115067693 | Sonoff is not in pairing mode. Please, Long press until led start blinking fast.
WiFiControl: Scanning for nearby WiFi Access Points...
WiFiControl: Nearby WiFi APs successfully scanned (8 found).
ERR | 1518115068589 | Sonoff is not in pairing mode. Please, Long press until led start blinking fast.
WiFiControl: Scanning for nearby WiFi Access Points...
WiFiControl: Nearby WiFi APs successfully scanned (8 found).
ERR | 1518115069492 | Sonoff is not in pairing mode. Please, Long press until led start blinking fast.
WiFiControl: Scanning for nearby WiFi Access Points...
WiFiControl: Nearby WiFi APs successfully scanned (8 found).
ERR | 1518115070421 | Sonoff is not in pairing mode. Please, Long press until led start blinking fast.
WiFiControl: Scanning for nearby WiFi Access Points...
WiFiControl: Nearby WiFi APs successfully scanned (8 found).
ERR | 1518115071339 | Sonoff is not in pairing mode. Please, Long press until led start blinking fast.
WiFiControl: Scanning for nearby WiFi Access Points...
WiFiControl: Nearby WiFi APs successfully scanned (8 found).
ERR | 1518115072267 | Sonoff is not in pairing mode. Please, Long press until led start blinking fast.
WiFiControl: Scanning for nearby WiFi Access Points...
WiFiControl: Nearby WiFi APs successfully scanned (8 found).
ERR | 1518115073196 | Sonoff is not in pairing mode. Please, Long press until led start blinking fast.
WiFiControl: Scanning for nearby WiFi Access Points...
WiFiControl: Nearby WiFi APs successfully scanned (8 found).
ERR | 1518115074139 | Sonoff is not in pairing mode. Please, Long press until led start blinking fast.
WiFiControl: Scanning for nearby WiFi Access Points...
WiFiControl: Nearby WiFi APs successfully scanned (8 found).
ERR | 1518115075043 | Sonoff is not in pairing mode. Please, Long press until led start blinking fast.
WiFiControl: Scanning for nearby WiFi Access Points...
WiFiControl: Nearby WiFi APs successfully scanned (8 found).
ERR | 1518115075939 | Sonoff is not in pairing mode. Please, Long press until led start blinking fast.
WiFiControl: Scanning for nearby WiFi Access Points...
WiFiControl: Nearby WiFi APs successfully scanned (8 found).
ERR | 1518115076828 | Sonoff is not in pairing mode. Please, Long press until led start blinking fast.
WiFiControl: Scanning for nearby WiFi Access Points...
WiFiControl: Nearby WiFi APs successfully scanned (8 found).
ERR | 1518115077714 | Sonoff is not in pairing mode. Please, Long press until led start blinking fast.
WiFiControl: Scanning for nearby WiFi Access Points...
WiFiControl: Nearby WiFi APs successfully scanned (8 found).
ERR | 1518115078639 | Sonoff is not in pairing mode. Please, Long press until led start blinking fast.
WiFiControl: Scanning for nearby WiFi Access Points...
WiFiControl: Nearby WiFi APs successfully scanned (8 found).
ERR | 1518115079567 | Sonoff is not in pairing mode. Please, Long press until led start blinking fast.
WiFiControl: Scanning for nearby WiFi Access Points...
WiFiControl: Nearby WiFi APs successfully scanned (8 found).
ERR | 1518115080464 | Sonoff is not in pairing mode. Please, Long press until led start blinking fast.
WiFiControl: Scanning for nearby WiFi Access Points...
WiFiControl: Nearby WiFi APs successfully scanned (8 found).
ERR | 1518115081394 | Sonoff is not in pairing mode. Please, Long press until led start blinking fast.
WiFiControl: Scanning for nearby WiFi Access Points...
WiFiControl: Nearby WiFi APs successfully scanned (8 found).
ERR | 1518115082283 | Sonoff is not in pairing mode. Please, Long press until led start blinking fast.
WiFiControl: Scanning for nearby WiFi Access Points...
WiFiControl: Nearby WiFi APs successfully scanned (8 found).
ERR | 1518115083172 | Sonoff is not in pairing mode. Please, Long press until led start blinking fast.
WiFiControl: Scanning for nearby WiFi Access Points...
WiFiControl: Nearby WiFi APs successfully scanned (8 found).
ERR | 1518115084067 | Sonoff is not in pairing mode. Please, Long press until led start blinking fast.
WiFiControl: Scanning for nearby WiFi Access Points...
WiFiControl: Nearby WiFi APs successfully scanned (8 found).
ERR | 1518115084970 | Sonoff is not in pairing mode. Please, Long press until led start blinking fast.
WiFiControl: Scanning for nearby WiFi Access Points...
WiFiControl: Nearby WiFi APs successfully scanned (8 found).
ERR | 1518115085870 | Sonoff is not in pairing mode. Please, Long press until led start blinking fast.
WiFiControl: Scanning for nearby WiFi Access Points...
WiFiControl: Nearby WiFi APs successfully scanned (8 found).
ERR | 1518115086766 | Sonoff is not in pairing mode. Please, Long press until led start blinking fast.
WiFiControl: Scanning for nearby WiFi Access Points...
WiFiControl: Nearby WiFi APs successfully scanned (8 found).
ERR | 1518115087688 | Sonoff is not in pairing mode. Please, Long press until led start blinking fast.
WiFiControl: Scanning for nearby WiFi Access Points...
WiFiControl: Nearby WiFi APs successfully scanned (8 found).
ERR | 1518115088614 | Sonoff is not in pairing mode. Please, Long press until led start blinking fast.
WiFiControl: Scanning for nearby WiFi Access Points...
WiFiControl: Nearby WiFi APs successfully scanned (8 found).
ERR | 1518115089515 | Sonoff is not in pairing mode. Please, Long press until led start blinking fast.
WiFiControl: Scanning for nearby WiFi Access Points...
WiFiControl: Nearby WiFi APs successfully scanned (8 found).
ERR | 1518115090416 | Sonoff is not in pairing mode. Please, Long press until led start blinking fast.
WiFiControl: Scanning for nearby WiFi Access Points...
WiFiControl: Nearby WiFi APs successfully scanned (8 found).
ERR | 1518115091316 | Sonoff is not in pairing mode. Please, Long press until led start blinking fast.
WiFiControl: Scanning for nearby WiFi Access Points...
WiFiControl: Nearby WiFi APs successfully scanned (8 found).
ERR | 1518115092215 | Sonoff is not in pairing mode. Please, Long press until led start blinking fast.
WiFiControl: Scanning for nearby WiFi Access Points...
WiFiControl: Nearby WiFi APs successfully scanned (8 found).
ERR | 1518115093139 | Sonoff is not in pairing mode. Please, Long press until led start blinking fast.
WiFiControl: Scanning for nearby WiFi Access Points...
WiFiControl: Nearby WiFi APs successfully scanned (8 found).
ERR | 1518115094042 | Sonoff is not in pairing mode. Please, Long press until led start blinking fast.
WiFiControl: Scanning for nearby WiFi Access Points...
WiFiControl: Nearby WiFi APs successfully scanned (8 found).
ERR | 1518115094969 | Sonoff is not in pairing mode. Please, Long press until led start blinking fast.
WiFiControl: Scanning for nearby WiFi Access Points...
WiFiControl: Nearby WiFi APs successfully scanned (8 found).
ERR | 1518115095877 | Sonoff is not in pairing mode. Please, Long press until led start blinking fast.
WiFiControl: Scanning for nearby WiFi Access Points...
WiFiControl: Nearby WiFi APs successfully scanned (8 found).
ERR | 1518115096779 | Sonoff is not in pairing mode. Please, Long press until led start blinking fast.
WiFiControl: Scanning for nearby WiFi Access Points...
WiFiControl: Nearby WiFi APs successfully scanned (8 found).
ERR | 1518115097702 | Sonoff is not in pairing mode. Please, Long press until led start blinking fast.
WiFiControl: Scanning for nearby WiFi Access Points...
WiFiControl: Nearby WiFi APs successfully scanned (8 found).
ERR | 1518115098599 | Sonoff is not in pairing mode. Please, Long press until led start blinking fast.
WiFiControl: Scanning for nearby WiFi Access Points...
WiFiControl: Nearby WiFi APs successfully scanned (8 found).
ERR | 1518115099497 | Sonoff is not in pairing mode. Please, Long press until led start blinking fast.
WiFiControl: Scanning for nearby WiFi Access Points...
WiFiControl: Nearby WiFi APs successfully scanned (8 found).
ERR | 1518115100399 | Sonoff is not in pairing mode. Please, Long press until led start blinking fast.
WiFiControl: Scanning for nearby WiFi Access Points...
WiFiControl: Nearby WiFi APs successfully scanned (8 found).
ERR | 1518115101310 | Sonoff is not in pairing mode. Please, Long press until led start blinking fast.
WiFiControl: Scanning for nearby WiFi Access Points...
WiFiControl: Nearby WiFi APs successfully scanned (8 found).
ERR | 1518115102241 | Sonoff is not in pairing mode. Please, Long press until led start blinking fast.
WiFiControl: Scanning for nearby WiFi Access Points...
WiFiControl: Nearby WiFi APs successfully scanned (8 found).
ERR | 1518115103171 | Sonoff is not in pairing mode. Please, Long press until led start blinking fast.
WiFiControl: Scanning for nearby WiFi Access Points...
WiFiControl: Nearby WiFi APs successfully scanned (8 found).
ERR | 1518115104072 | Sonoff is not in pairing mode. Please, Long press until led start blinking fast.
WiFiControl: Scanning for nearby WiFi Access Points...
WiFiControl: Nearby WiFi APs successfully scanned (8 found).
ERR | 1518115104970 | Sonoff is not in pairing mode. Please, Long press until led start blinking fast.
WiFiControl: Scanning for nearby WiFi Access Points...
WiFiControl: Nearby WiFi APs successfully scanned (8 found).
ERR | 1518115105906 | Sonoff is not in pairing mode. Please, Long press until led start blinking fast.
WiFiControl: Scanning for nearby WiFi Access Points...
WiFiControl: Nearby WiFi APs successfully scanned (8 found).
ERR | 1518115106838 | Sonoff is not in pairing mode. Please, Long press until led start blinking fast.
WiFiControl: Scanning for nearby WiFi Access Points...
WiFiControl: Nearby WiFi APs successfully scanned (8 found).
ERR | 1518115107774 | Sonoff is not in pairing mode. Please, Long press until led start blinking fast.
WiFiControl: Scanning for nearby WiFi Access Points...
WiFiControl: Nearby WiFi APs successfully scanned (8 found).
ERR | 1518115108715 | Sonoff is not in pairing mode. Please, Long press until led start blinking fast.
WiFiControl: Scanning for nearby WiFi Access Points...
WiFiControl: Nearby WiFi APs successfully scanned (8 found).
ERR | 1518115109603 | Sonoff is not in pairing mode. Please, Long press until led start blinking fast.
WiFiControl: Scanning for nearby WiFi Access Points...
WiFiControl: Nearby WiFi APs successfully scanned (8 found).
ERR | 1518115110505 | Sonoff is not in pairing mode. Please, Long press until led start blinking fast.
WiFiControl: Scanning for nearby WiFi Access Points...
WiFiControl: Nearby WiFi APs successfully scanned (8 found).
ERR | 1518115111390 | Sonoff is not in pairing mode. Please, Long press until led start blinking fast.
WiFiControl: Scanning for nearby WiFi Access Points...
WiFiControl: Nearby WiFi APs successfully scanned (8 found).
ERR | 1518115112292 | Sonoff is not in pairing mode. Please, Long press until led start blinking fast.
WiFiControl: Scanning for nearby WiFi Access Points...
WiFiControl: Nearby WiFi APs successfully scanned (8 found).
ERR | 1518115113205 | Sonoff is not in pairing mode. Please, Long press until led start blinking fast.
WiFiControl: Scanning for nearby WiFi Access Points...
WiFiControl: Nearby WiFi APs successfully scanned (11 found).
ERR | 1518115114172 | Sonoff is not in pairing mode. Please, Long press until led start blinking fast.
WiFiControl: Scanning for nearby WiFi Access Points...
WiFiControl: Nearby WiFi APs successfully scanned (11 found).
ERR | 1518115115130 | Sonoff is not in pairing mode. Please, Long press until led start blinking fast.
WiFiControl: Scanning for nearby WiFi Access Points...
WiFiControl: Nearby WiFi APs successfully scanned (11 found).
ERR | 1518115116055 | Sonoff is not in pairing mode. Please, Long press until led start blinking fast.
WiFiControl: Scanning for nearby WiFi Access Points...
WiFiControl: Nearby WiFi APs successfully scanned (11 found).
ERR | 1518115116974 | Sonoff is not in pairing mode. Please, Long press until led start blinking fast.
WiFiControl: Scanning for nearby WiFi Access Points...
WiFiControl: Nearby WiFi APs successfully scanned (11 found).
ERR | 1518115117898 | Sonoff is not in pairing mode. Please, Long press until led start blinking fast.
WiFiControl: Scanning for nearby WiFi Access Points...
WiFiControl: Nearby WiFi APs successfully scanned (11 found).
ERR | 1518115118839 | Sonoff is not in pairing mode. Please, Long press until led start blinking fast.
WiFiControl: Scanning for nearby WiFi Access Points...
WiFiControl: Nearby WiFi APs successfully scanned (11 found).
ERR | 1518115119810 | Sonoff is not in pairing mode. Please, Long press until led start blinking fast.
WiFiControl: Scanning for nearby WiFi Access Points...
WiFiControl: Nearby WiFi APs successfully scanned (11 found).
ERR | 1518115120737 | Sonoff is not in pairing mode. Please, Long press until led start blinking fast.
WiFiControl: Scanning for nearby WiFi Access Points...
WiFiControl: Nearby WiFi APs successfully scanned (11 found).
ERR | 1518115121667 | Sonoff is not in pairing mode. Please, Long press until led start blinking fast.
WiFiControl: Scanning for nearby WiFi Access Points...
WiFiControl: Nearby WiFi APs successfully scanned (11 found).
ERR | 1518115122640 | Sonoff is not in pairing mode. Please, Long press until led start blinking fast.
WiFiControl: Scanning for nearby WiFi Access Points...
WiFiControl: Nearby WiFi APs successfully scanned (11 found).
ERR | 1518115123608 | Sonoff is not in pairing mode. Please, Long press until led start blinking fast.
WiFiControl: Scanning for nearby WiFi Access Points...
WiFiControl: Nearby WiFi APs successfully scanned (11 found).
ERR | 1518115124607 | Sonoff is not in pairing mode. Please, Long press until led start blinking fast.
WiFiControl: Scanning for nearby WiFi Access Points...
WiFiControl: Nearby WiFi APs successfully scanned (11 found).
ERR | 1518115125588 | Sonoff is not in pairing mode. Please, Long press until led start blinking fast.
WiFiControl: Scanning for nearby WiFi Access Points...
WiFiControl: Nearby WiFi APs successfully scanned (11 found).
ERR | 1518115126563 | Sonoff is not in pairing mode. Please, Long press until led start blinking fast.
WiFiControl: Scanning for nearby WiFi Access Points...
WiFiControl: Nearby WiFi APs successfully scanned (11 found).
ERR | 1518115127513 | Sonoff is not in pairing mode. Please, Long press until led start blinking fast.
WiFiControl: Scanning for nearby WiFi Access Points...
WiFiControl: Nearby WiFi APs successfully scanned (11 found).
ERR | 1518115128432 | Sonoff is not in pairing mode. Please, Long press until led start blinking fast.
WiFiControl: Scanning for nearby WiFi Access Points...
WiFiControl: Nearby WiFi APs successfully scanned (11 found).
ERR | 1518115129370 | Sonoff is not in pairing mode. Please, Long press until led start blinking fast.
WiFiControl: Scanning for nearby WiFi Access Points...
WiFiControl: Nearby WiFi APs successfully scanned (11 found).
ERR | 1518115130332 | Sonoff is not in pairing mode. Please, Long press until led start blinking fast.
WiFiControl: Scanning for nearby WiFi Access Points...
WiFiControl: Nearby WiFi APs successfully scanned (11 found).
ERR | 1518115131289 | Sonoff is not in pairing mode. Please, Long press until led start blinking fast.
WiFiControl: Scanning for nearby WiFi Access Points...
WiFiControl: Nearby WiFi APs successfully scanned (11 found).
ERR | 1518115132217 | Sonoff is not in pairing mode. Please, Long press until led start blinking fast.
WiFiControl: Scanning for nearby WiFi Access Points...
WiFiControl: Nearby WiFi APs successfully scanned (11 found).
ERR | 1518115133141 | Sonoff is not in pairing mode. Please, Long press until led start blinking fast.
WiFiControl: Scanning for nearby WiFi Access Points...
WiFiControl: Nearby WiFi APs successfully scanned (11 found).
ERR | 1518115134095 | Sonoff is not in pairing mode. Please, Long press until led start blinking fast.
WiFiControl: Scanning for nearby WiFi Access Points...
WiFiControl: Nearby WiFi APs successfully scanned (11 found).
ERR | 1518115135050 | Sonoff is not in pairing mode. Please, Long press until led start blinking fast.
WiFiControl: Scanning for nearby WiFi Access Points...
WiFiControl: Nearby WiFi APs successfully scanned (11 found).
ERR | 1518115136016 | Sonoff is not in pairing mode. Please, Long press until led start blinking fast.
WiFiControl: Scanning for nearby WiFi Access Points...
WiFiControl: Nearby WiFi APs successfully scanned (11 found).
ERR | 1518115136940 | Sonoff is not in pairing mode. Please, Long press until led start blinking fast.
WiFiControl: Scanning for nearby WiFi Access Points...
WiFiControl: Nearby WiFi APs successfully scanned (11 found).
ERR | 1518115137877 | Sonoff is not in pairing mode. Please, Long press until led start blinking fast.
WiFiControl: Scanning for nearby WiFi Access Points...
WiFiControl: Nearby WiFi APs successfully scanned (11 found).
ERR | 1518115138802 | Sonoff is not in pairing mode. Please, Long press until led start blinking fast.
WiFiControl: Scanning for nearby WiFi Access Points...
WiFiControl: Nearby WiFi APs successfully scanned (11 found).
ERR | 1518115139723 | Sonoff is not in pairing mode. Please, Long press until led start blinking fast.
WiFiControl: Scanning for nearby WiFi Access Points...
WiFiControl: Nearby WiFi APs successfully scanned (11 found).
ERR | 1518115140646 | Sonoff is not in pairing mode. Please, Long press until led start blinking fast.
WiFiControl: Scanning for nearby WiFi Access Points...
WiFiControl: Nearby WiFi APs successfully scanned (11 found).
ERR | 1518115141603 | Sonoff is not in pairing mode. Please, Long press until led start blinking fast.
WiFiControl: Scanning for nearby WiFi Access Points...
WiFiControl: Nearby WiFi APs successfully scanned (11 found).
ERR | 1518115142552 | Sonoff is not in pairing mode. Please, Long press until led start blinking fast.
WiFiControl: Scanning for nearby WiFi Access Points...
WiFiControl: Nearby WiFi APs successfully scanned (11 found).
ERR | 1518115143480 | Sonoff is not in pairing mode. Please, Long press until led start blinking fast.
WiFiControl: Scanning for nearby WiFi Access Points...
WiFiControl: Nearby WiFi APs successfully scanned (11 found).
ERR | 1518115144401 | Sonoff is not in pairing mode. Please, Long press until led start blinking fast.
WiFiControl: Scanning for nearby WiFi Access Points...
WiFiControl: Nearby WiFi APs successfully scanned (11 found).
ERR | 1518115145324 | Sonoff is not in pairing mode. Please, Long press until led start blinking fast.
WiFiControl: Scanning for nearby WiFi Access Points...
WiFiControl: Nearby WiFi APs successfully scanned (11 found).
ERR | 1518115146295 | Sonoff is not in pairing mode. Please, Long press until led start blinking fast.
WiFiControl: Scanning for nearby WiFi Access Points...
WiFiControl: Nearby WiFi APs successfully scanned (11 found).
ERR | 1518115147272 | Sonoff is not in pairing mode. Please, Long press until led start blinking fast.
WiFiControl: Scanning for nearby WiFi Access Points...
WiFiControl: Nearby WiFi APs successfully scanned (11 found).
ERR | 1518115148231 | Sonoff is not in pairing mode. Please, Long press until led start blinking fast.
WiFiControl: Scanning for nearby WiFi Access Points...
WiFiControl: Nearby WiFi APs successfully scanned (11 found).
ERR | 1518115149175 | Sonoff is not in pairing mode. Please, Long press until led start blinking fast.
WiFiControl: Scanning for nearby WiFi Access Points...
WiFiControl: Nearby WiFi APs successfully scanned (11 found).
ERR | 1518115150130 | Sonoff is not in pairing mode. Please, Long press until led start blinking fast.
WiFiControl: Scanning for nearby WiFi Access Points...
WiFiControl: Nearby WiFi APs successfully scanned (11 found).
ERR | 1518115151053 | Sonoff is not in pairing mode. Please, Long press until led start blinking fast.
WiFiControl: Scanning for nearby WiFi Access Points...
WiFiControl: Nearby WiFi APs successfully scanned (11 found).
ERR | 1518115152013 | Sonoff is not in pairing mode. Please, Long press until led start blinking fast.
WiFiControl: Scanning for nearby WiFi Access Points...
WiFiControl: Nearby WiFi APs successfully scanned (11 found).
ERR | 1518115152961 | Sonoff is not in pairing mode. Please, Long press until led start blinking fast.
WiFiControl: Scanning for nearby WiFi Access Points...
WiFiControl: Nearby WiFi APs successfully scanned (11 found).
ERR | 1518115153916 | Sonoff is not in pairing mode. Please, Long press until led start blinking fast.
WiFiControl: Scanning for nearby WiFi Access Points...
WiFiControl: Nearby WiFi APs successfully scanned (11 found).
ERR | 1518115154912 | Sonoff is not in pairing mode. Please, Long press until led start blinking fast.
WiFiControl: Scanning for nearby WiFi Access Points...
WiFiControl: Nearby WiFi APs successfully scanned (11 found).
ERR | 1518115155843 | Sonoff is not in pairing mode. Please, Long press until led start blinking fast.
WiFiControl: Scanning for nearby WiFi Access Points...
WiFiControl: Nearby WiFi APs successfully scanned (11 found).
ERR | 1518115156831 | Sonoff is not in pairing mode. Please, Long press until led start blinking fast.
WiFiControl: Scanning for nearby WiFi Access Points...
WiFiControl: Nearby WiFi APs successfully scanned (11 found).
ERR | 1518115157773 | Sonoff is not in pairing mode. Please, Long press until led start blinking fast.
WiFiControl: Scanning for nearby WiFi Access Points...
WiFiControl: Nearby WiFi APs successfully scanned (11 found).
ERR | 1518115158748 | Sonoff is not in pairing mode. Please, Long press until led start blinking fast.
WiFiControl: Scanning for nearby WiFi Access Points...
WiFiControl: Nearby WiFi APs successfully scanned (11 found).
ERR | 1518115159692 | Sonoff is not in pairing mode. Please, Long press until led start blinking fast.
WiFiControl: Scanning for nearby WiFi Access Points...
WiFiControl: Nearby WiFi APs successfully scanned (11 found).
ERR | 1518115160621 | Sonoff is not in pairing mode. Please, Long press until led start blinking fast.
WiFiControl: Scanning for nearby WiFi Access Points...
WiFiControl: Nearby WiFi APs successfully scanned (11 found).
ERR | 1518115161572 | Sonoff is not in pairing mode. Please, Long press until led start blinking fast.
WiFiControl: Scanning for nearby WiFi Access Points...
WiFiControl: Nearby WiFi APs successfully scanned (11 found).
ERR | 1518115162528 | Sonoff is not in pairing mode. Please, Long press until led start blinking fast.
WiFiControl: Scanning for nearby WiFi Access Points...
WiFiControl: Nearby WiFi APs successfully scanned (11 found).
ERR | 1518115163456 | Sonoff is not in pairing mode. Please, Long press until led start blinking fast.
WiFiControl: Scanning for nearby WiFi Access Points...
WiFiControl: Nearby WiFi APs successfully scanned (11 found).
ERR | 1518115164399 | Sonoff is not in pairing mode. Please, Long press until led start blinking fast.
WiFiControl: Scanning for nearby WiFi Access Points...
WiFiControl: Nearby WiFi APs successfully scanned (11 found).
ERR | 1518115165315 | Sonoff is not in pairing mode. Please, Long press until led start blinking fast.
WiFiControl: Scanning for nearby WiFi Access Points...
WiFiControl: Nearby WiFi APs successfully scanned (11 found).
ERR | 1518115166281 | Sonoff is not in pairing mode. Please, Long press until led start blinking fast.
WiFiControl: Scanning for nearby WiFi Access Points...
WiFiControl: Nearby WiFi APs successfully scanned (11 found).
ERR | 1518115167194 | Sonoff is not in pairing mode. Please, Long press until led start blinking fast.
WiFiControl: Scanning for nearby WiFi Access Points...
WiFiControl: Nearby WiFi APs successfully scanned (11 found).
ERR | 1518115168189 | Sonoff is not in pairing mode. Please, Long press until led start blinking fast.
WiFiControl: Scanning for nearby WiFi Access Points...
WiFiControl: Nearby WiFi APs successfully scanned (11 found).
ERR | 1518115169099 | Sonoff is not in pairing mode. Please, Long press until led start blinking fast.
WiFiControl: Scanning for nearby WiFi Access Points...
WiFiControl: Nearby WiFi APs successfully scanned (11 found).
ERR | 1518115170020 | Sonoff is not in pairing mode. Please, Long press until led start blinking fast.
WiFiControl: Scanning for nearby WiFi Access Points...
WiFiControl: Nearby WiFi APs successfully scanned (11 found).
ERR | 1518115170939 | Sonoff is not in pairing mode. Please, Long press until led start blinking fast.
WiFiControl: Scanning for nearby WiFi Access Points...
WiFiControl: Nearby WiFi APs successfully scanned (11 found).
ERR | 1518115171853 | Sonoff is not in pairing mode. Please, Long press until led start blinking fast.
WiFiControl: Scanning for nearby WiFi Access Points...
WiFiControl: Nearby WiFi APs successfully scanned (11 found).
ERR | 1518115172774 | Sonoff is not in pairing mode. Please, Long press until led start blinking fast.
WiFiControl: Scanning for nearby WiFi Access Points...
WiFiControl: Nearby WiFi APs successfully scanned (11 found).
ERR | 1518115173693 | Sonoff is not in pairing mode. Please, Long press until led start blinking fast.
WiFiControl: Scanning for nearby WiFi Access Points...
WiFiControl: Nearby WiFi APs successfully scanned (11 found).
ERR | 1518115174652 | Sonoff is not in pairing mode. Please, Long press until led start blinking fast.
WiFiControl: Scanning for nearby WiFi Access Points...
WiFiControl: Nearby WiFi APs successfully scanned (11 found).
ERR | 1518115175623 | Sonoff is not in pairing mode. Please, Long press until led start blinking fast.
WiFiControl: Scanning for nearby WiFi Access Points...
WiFiControl: Nearby WiFi APs successfully scanned (11 found).
ERR | 1518115176596 | Sonoff is not in pairing mode. Please, Long press until led start blinking fast.
WiFiControl: Scanning for nearby WiFi Access Points...
WiFiControl: Nearby WiFi APs successfully scanned (11 found).
ERR | 1518115177521 | Sonoff is not in pairing mode. Please, Long press until led start blinking fast.
WiFiControl: Scanning for nearby WiFi Access Points...
WiFiControl: Nearby WiFi APs successfully scanned (11 found).
ERR | 1518115178489 | Sonoff is not in pairing mode. Please, Long press until led start blinking fast.
WiFiControl: Scanning for nearby WiFi Access Points...
WiFiControl: Nearby WiFi APs successfully scanned (11 found).
ERR | 1518115179453 | Sonoff is not in pairing mode. Please, Long press until led start blinking fast.
WiFiControl: Scanning for nearby WiFi Access Points...
WiFiControl: Nearby WiFi APs successfully scanned (11 found).
ERR | 1518115180432 | Sonoff is not in pairing mode. Please, Long press until led start blinking fast.
WiFiControl: Scanning for nearby WiFi Access Points...
WiFiControl: Nearby WiFi APs successfully scanned (11 found).
ERR | 1518115181429 | Sonoff is not in pairing mode. Please, Long press until led start blinking fast.
WiFiControl: Scanning for nearby WiFi Access Points...
WiFiControl: Nearby WiFi APs successfully scanned (11 found).
ERR | 1518115182380 | Sonoff is not in pairing mode. Please, Long press until led start blinking fast.
WiFiControl: Scanning for nearby WiFi Access Points...
WiFiControl: Nearby WiFi APs successfully scanned (11 found).
ERR | 1518115183312 | Sonoff is not in pairing mode. Please, Long press until led start blinking fast.
WiFiControl: Scanning for nearby WiFi Access Points...
WiFiControl: Nearby WiFi APs successfully scanned (11 found).
ERR | 1518115184259 | Sonoff is not in pairing mode. Please, Long press until led start blinking fast.
WiFiControl: Scanning for nearby WiFi Access Points...
WiFiControl: Nearby WiFi APs successfully scanned (11 found).
ERR | 1518115185215 | Sonoff is not in pairing mode. Please, Long press until led start blinking fast.
WiFiControl: Scanning for nearby WiFi Access Points...
WiFiControl: Nearby WiFi APs successfully scanned (11 found).
ERR | 1518115186134 | Sonoff is not in pairing mode. Please, Long press until led start blinking fast.
WiFiControl: Scanning for nearby WiFi Access Points...
WiFiControl: Nearby WiFi APs successfully scanned (11 found).
ERR | 1518115187056 | Sonoff is not in pairing mode. Please, Long press until led start blinking fast.
WiFiControl: Scanning for nearby WiFi Access Points...
WiFiControl: Nearby WiFi APs successfully scanned (11 found).
ERR | 1518115188063 | Sonoff is not in pairing mode. Please, Long press until led start blinking fast.
WiFiControl: Scanning for nearby WiFi Access Points...
WiFiControl: Nearby WiFi APs successfully scanned (11 found).
ERR | 1518115188987 | Sonoff is not in pairing mode. Please, Long press until led start blinking fast.
WiFiControl: Scanning for nearby WiFi Access Points...
WiFiControl: Nearby WiFi APs successfully scanned (11 found).
ERR | 1518115189911 | Sonoff is not in pairing mode. Please, Long press until led start blinking fast.
WiFiControl: Scanning for nearby WiFi Access Points...
WiFiControl: Nearby WiFi APs successfully scanned (11 found).
ERR | 1518115190825 | Sonoff is not in pairing mode. Please, Long press until led start blinking fast.
WiFiControl: Scanning for nearby WiFi Access Points...
WiFiControl: Nearby WiFi APs successfully scanned (11 found).
ERR | 1518115191739 | Sonoff is not in pairing mode. Please, Long press until led start blinking fast.
WiFiControl: Scanning for nearby WiFi Access Points...
WiFiControl: Nearby WiFi APs successfully scanned (11 found).
ERR | 1518115192667 | Sonoff is not in pairing mode. Please, Long press until led start blinking fast.
WiFiControl: Scanning for nearby WiFi Access Points...
WiFiControl: Nearby WiFi APs successfully scanned (11 found).
ERR | 1518115193592 | Sonoff is not in pairing mode. Please, Long press until led start blinking fast.
WiFiControl: Scanning for nearby WiFi Access Points...
WiFiControl: Nearby WiFi APs successfully scanned (11 found).
ERR | 1518115194531 | Sonoff is not in pairing mode. Please, Long press until led start blinking fast.
WiFiControl: Scanning for nearby WiFi Access Points...
WiFiControl: Nearby WiFi APs successfully scanned (11 found).
ERR | 1518115195454 | Sonoff is not in pairing mode. Please, Long press until led start blinking fast.
WiFiControl: Scanning for nearby WiFi Access Points...
WiFiControl: Nearby WiFi APs successfully scanned (11 found).
ERR | 1518115196364 | Sonoff is not in pairing mode. Please, Long press until led start blinking fast.
WiFiControl: Scanning for nearby WiFi Access Points...
WiFiControl: Nearby WiFi APs successfully scanned (11 found).
ERR | 1518115197309 | Sonoff is not in pairing mode. Please, Long press until led start blinking fast.
WiFiControl: Scanning for nearby WiFi Access Points...
WiFiControl: Nearby WiFi APs successfully scanned (11 found).
ERR | 1518115198251 | Sonoff is not in pairing mode. Please, Long press until led start blinking fast.
WiFiControl: Scanning for nearby WiFi Access Points...
WiFiControl: Nearby WiFi APs successfully scanned (11 found).
ERR | 1518115199175 | Sonoff is not in pairing mode. Please, Long press until led start blinking fast.
WiFiControl: Scanning for nearby WiFi Access Points...
WiFiControl: Nearby WiFi APs successfully scanned (11 found).
ERR | 1518115200129 | Sonoff is not in pairing mode. Please, Long press until led start blinking fast.
WiFiControl: Scanning for nearby WiFi Access Points...
WiFiControl: Nearby WiFi APs successfully scanned (11 found).
ERR | 1518115201102 | Sonoff is not in pairing mode. Please, Long press until led start blinking fast.
WiFiControl: Scanning for nearby WiFi Access Points...
WiFiControl: Nearby WiFi APs successfully scanned (11 found).
ERR | 1518115202025 | Sonoff is not in pairing mode. Please, Long press until led start blinking fast.
WiFiControl: Scanning for nearby WiFi Access Points...
WiFiControl: Nearby WiFi APs successfully scanned (11 found).
ERR | 1518115202999 | Sonoff is not in pairing mode. Please, Long press until led start blinking fast.
WiFiControl: Scanning for nearby WiFi Access Points...
WiFiControl: Nearby WiFi APs successfully scanned (11 found).
ERR | 1518115203921 | Sonoff is not in pairing mode. Please, Long press until led start blinking fast.
WiFiControl: Scanning for nearby WiFi Access Points...
WiFiControl: Nearby WiFi APs successfully scanned (11 found).
ERR | 1518115204846 | Sonoff is not in pairing mode. Please, Long press until led start blinking fast.
WiFiControl: Scanning for nearby WiFi Access Points...
WiFiControl: Nearby WiFi APs successfully scanned (11 found).
ERR | 1518115205771 | Sonoff is not in pairing mode. Please, Long press until led start blinking fast.
WiFiControl: Scanning for nearby WiFi Access Points...
WiFiControl: Nearby WiFi APs successfully scanned (11 found).
ERR | 1518115206727 | Sonoff is not in pairing mode. Please, Long press until led start blinking fast.
WiFiControl: Scanning for nearby WiFi Access Points...
WiFiControl: Nearby WiFi APs successfully scanned (11 found).
ERR | 1518115207690 | Sonoff is not in pairing mode. Please, Long press until led start blinking fast.
WiFiControl: Scanning for nearby WiFi Access Points...
WiFiControl: Nearby WiFi APs successfully scanned (11 found).
ERR | 1518115208618 | Sonoff is not in pairing mode. Please, Long press until led start blinking fast.
WiFiControl: Scanning for nearby WiFi Access Points...
WiFiControl: Nearby WiFi APs successfully scanned (11 found).
ERR | 1518115209602 | Sonoff is not in pairing mode. Please, Long press until led start blinking fast.
WiFiControl: Scanning for nearby WiFi Access Points...
WiFiControl: Nearby WiFi APs successfully scanned (11 found).
ERR | 1518115210588 | Sonoff is not in pairing mode. Please, Long press until led start blinking fast.
WiFiControl: Scanning for nearby WiFi Access Points...
WiFiControl: Nearby WiFi APs successfully scanned (11 found).
ERR | 1518115211516 | Sonoff is not in pairing mode. Please, Long press until led start blinking fast.
WiFiControl: Scanning for nearby WiFi Access Points...
WiFiControl: Nearby WiFi APs successfully scanned (11 found).
ERR | 1518115212470 | Sonoff is not in pairing mode. Please, Long press until led start blinking fast.
WiFiControl: Scanning for nearby WiFi Access Points...
WiFiControl: Nearby WiFi APs successfully scanned (11 found).
ERR | 1518115213398 | Sonoff is not in pairing mode. Please, Long press until led start blinking fast.
WiFiControl: Scanning for nearby WiFi Access Points...
WiFiControl: Nearby WiFi APs successfully scanned (11 found).
ERR | 1518115214413 | Sonoff is not in pairing mode. Please, Long press until led start blinking fast.
WiFiControl: Scanning for nearby WiFi Access Points...
WiFiControl: Nearby WiFi APs successfully scanned (11 found).
ERR | 1518115215345 | Sonoff is not in pairing mode. Please, Long press until led start blinking fast.
WiFiControl: Scanning for nearby WiFi Access Points...
WiFiControl: Nearby WiFi APs successfully scanned (11 found).
ERR | 1518115216265 | Sonoff is not in pairing mode. Please, Long press until led start blinking fast.
WiFiControl: Scanning for nearby WiFi Access Points...
WiFiControl: Nearby WiFi APs successfully scanned (11 found).
ERR | 1518115217215 | Sonoff is not in pairing mode. Please, Long press until led start blinking fast.
WiFiControl: Scanning for nearby WiFi Access Points...
WiFiControl: Nearby WiFi APs successfully scanned (11 found).
ERR | 1518115218199 | Sonoff is not in pairing mode. Please, Long press until led start blinking fast.
WiFiControl: Scanning for nearby WiFi Access Points...
WiFiControl: Nearby WiFi APs successfully scanned (11 found).
ERR | 1518115219355 | Sonoff is not in pairing mode. Please, Long press until led start blinking fast.
WiFiControl: Scanning for nearby WiFi Access Points...
WiFiControl: Nearby WiFi APs successfully scanned (11 found).
ERR | 1518115220430 | Sonoff is not in pairing mode. Please, Long press until led start blinking fast.
WiFiControl: Scanning for nearby WiFi Access Points...
WiFiControl: Nearby WiFi APs successfully scanned (11 found).
ERR | 1518115221440 | Sonoff is not in pairing mode. Please, Long press until led start blinking fast.
WiFiControl: Scanning for nearby WiFi Access Points...
WiFiControl: Nearby WiFi APs successfully scanned (11 found).
ERR | 1518115222379 | Sonoff is not in pairing mode. Please, Long press until led start blinking fast.
WiFiControl: Scanning for nearby WiFi Access Points...
WiFiControl: Nearby WiFi APs successfully scanned (11 found).
ERR | 1518115223332 | Sonoff is not in pairing mode. Please, Long press until led start blinking fast.
WiFiControl: Scanning for nearby WiFi Access Points...
WiFiControl: Nearby WiFi APs successfully scanned (11 found).
ERR | 1518115224285 | Sonoff is not in pairing mode. Please, Long press until led start blinking fast.
WiFiControl: Scanning for nearby WiFi Access Points...
WiFiControl: Nearby WiFi APs successfully scanned (11 found).
ERR | 1518115225219 | Sonoff is not in pairing mode. Please, Long press until led start blinking fast.
WiFiControl: Scanning for nearby WiFi Access Points...
WiFiControl: Nearby WiFi APs successfully scanned (11 found).
ERR | 1518115226173 | Sonoff is not in pairing mode. Please, Long press until led start blinking fast.
WiFiControl: Scanning for nearby WiFi Access Points...
WiFiControl: Nearby WiFi APs successfully scanned (11 found).
ERR | 1518115227103 | Sonoff is not in pairing mode. Please, Long press until led start blinking fast.
WiFiControl: Scanning for nearby WiFi Access Points...
WiFiControl: Nearby WiFi APs successfully scanned (11 found).
ERR | 1518115228093 | Sonoff is not in pairing mode. Please, Long press until led start blinking fast.
WiFiControl: Scanning for nearby WiFi Access Points...
WiFiControl: Nearby WiFi APs successfully scanned (11 found).
ERR | 1518115229032 | Sonoff is not in pairing mode. Please, Long press until led start blinking fast.
WiFiControl: Scanning for nearby WiFi Access Points...
WiFiControl: Nearby WiFi APs successfully scanned (11 found).
ERR | 1518115229985 | Sonoff is not in pairing mode. Please, Long press until led start blinking fast.
WiFiControl: Scanning for nearby WiFi Access Points...
WiFiControl: Nearby WiFi APs successfully scanned (11 found).
ERR | 1518115230939 | Sonoff is not in pairing mode. Please, Long press until led start blinking fast.
WiFiControl: Scanning for nearby WiFi Access Points...
WiFiControl: Nearby WiFi APs successfully scanned (11 found).
ERR | 1518115231856 | Sonoff is not in pairing mode. Please, Long press until led start blinking fast.
WiFiControl: Scanning for nearby WiFi Access Points...
WiFiControl: Nearby WiFi APs successfully scanned (11 found).
ERR | 1518115232826 | Sonoff is not in pairing mode. Please, Long press until led start blinking fast.
WiFiControl: Scanning for nearby WiFi Access Points...
WiFiControl: Nearby WiFi APs successfully scanned (11 found).
ERR | 1518115233756 | Sonoff is not in pairing mode. Please, Long press until led start blinking fast.
WiFiControl: Scanning for nearby WiFi Access Points...
WiFiControl: Nearby WiFi APs successfully scanned (11 found).
ERR | 1518115234739 | Sonoff is not in pairing mode. Please, Long press until led start blinking fast.
WiFiControl: Scanning for nearby WiFi Access Points...
WiFiControl: Nearby WiFi APs successfully scanned (11 found).
ERR | 1518115235740 | Sonoff is not in pairing mode. Please, Long press until led start blinking fast.
WiFiControl: Debug mode set to: true
WiFiControl: Determining system wireless interface...
WiFiControl: Host machine is Linux.
WiFiControl: Executing: nmcli -m multiline device status | grep wlan
WiFiControl: Automatically located wireless interface wlan0.
WiFiControl: Scanning for nearby WiFi Access Points...
WiFiControl: Nearby WiFi APs successfully scanned (10 found).
ERR | 1518116195985 | Sonoff is not in pairing mode. Please, Long press until led start blinking fast.
WiFiControl: Scanning for nearby WiFi Access Points...
WiFiControl: Nearby WiFi APs successfully scanned (10 found).
ERR | 1518116196915 | Sonoff is not in pairing mode. Please, Long press until led start blinking fast.
WiFiControl: Scanning for nearby WiFi Access Points...
WiFiControl: Nearby WiFi APs successfully scanned (10 found).
ERR | 1518116197839 | Sonoff is not in pairing mode. Please, Long press until led start blinking fast.
WiFiControl: Scanning for nearby WiFi Access Points...
WiFiControl: Nearby WiFi APs successfully scanned (10 found).
ERR | 1518116198747 | Sonoff is not in pairing mode. Please, Long press until led start blinking fast.
WiFiControl: Scanning for nearby WiFi Access Points...
WiFiControl: Nearby WiFi APs successfully scanned (10 found).
ERR | 1518116199679 | Sonoff is not in pairing mode. Please, Long press until led start blinking fast.
WiFiControl: Scanning for nearby WiFi Access Points...
WiFiControl: Nearby WiFi APs successfully scanned (10 found).
ERR | 1518116200611 | Sonoff is not in pairing mode. Please, Long press until led start blinking fast.
WiFiControl: Scanning for nearby WiFi Access Points...
WiFiControl: Nearby WiFi APs successfully scanned (10 found).
ERR | 1518116201591 | Sonoff is not in pairing mode. Please, Long press until led start blinking fast.
WiFiControl: Scanning for nearby WiFi Access Points...
WiFiControl: Nearby WiFi APs successfully scanned (10 found).
ERR | 1518116202522 | Sonoff is not in pairing mode. Please, Long press until led start blinking fast.
WiFiControl: Scanning for nearby WiFi Access Points...
WiFiControl: Nearby WiFi APs successfully scanned (10 found).
ERR | 1518116203447 | Sonoff is not in pairing mode. Please, Long press until led start blinking fast.
WiFiControl: Scanning for nearby WiFi Access Points...
WiFiControl: Nearby WiFi APs successfully scanned (10 found).
ERR | 1518116204396 | Sonoff is not in pairing mode. Please, Long press until led start blinking fast.
WiFiControl: Scanning for nearby WiFi Access Points...
WiFiControl: Nearby WiFi APs successfully scanned (10 found).
ERR | 1518116205383 | Sonoff is not in pairing mode. Please, Long press until led start blinking fast.
WiFiControl: Scanning for nearby WiFi Access Points...
WiFiControl: Nearby WiFi APs successfully scanned (10 found).
ERR | 1518116206292 | Sonoff is not in pairing mode. Please, Long press until led start blinking fast.
WiFiControl: Scanning for nearby WiFi Access Points...
WiFiControl: Nearby WiFi APs successfully scanned (10 found).
ERR | 1518116207280 | Sonoff is not in pairing mode. Please, Long press until led start blinking fast.
WiFiControl: Scanning for nearby WiFi Access Points...
WiFiControl: Nearby WiFi APs successfully scanned (10 found).
ERR | 1518116208250 | Sonoff is not in pairing mode. Please, Long press until led start blinking fast.
WiFiControl: Scanning for nearby WiFi Access Points...
WiFiControl: Nearby WiFi APs successfully scanned (10 found).
ERR | 1518116209161 | Sonoff is not in pairing mode. Please, Long press until led start blinking fast.
WiFiControl: Scanning for nearby WiFi Access Points...
WiFiControl: Nearby WiFi APs successfully scanned (10 found).
ERR | 1518116210119 | Sonoff is not in pairing mode. Please, Long press until led start blinking fast.
WiFiControl: Scanning for nearby WiFi Access Points...
WiFiControl: Nearby WiFi APs successfully scanned (10 found).
ERR | 1518116211039 | Sonoff is not in pairing mode. Please, Long press until led start blinking fast.
WiFiControl: Scanning for nearby WiFi Access Points...
WiFiControl: Nearby WiFi APs successfully scanned (10 found).
ERR | 1518116211958 | Sonoff is not in pairing mode. Please, Long press until led start blinking fast.
WiFiControl: Scanning for nearby WiFi Access Points...
WiFiControl: Nearby WiFi APs successfully scanned (10 found).
ERR | 1518116212930 | Sonoff is not in pairing mode. Please, Long press until led start blinking fast.
WiFiControl: Scanning for nearby WiFi Access Points...
WiFiControl: Nearby WiFi APs successfully scanned (10 found).
ERR | 1518116213842 | Sonoff is not in pairing mode. Please, Long press until led start blinking fast.
WiFiControl: Scanning for nearby WiFi Access Points...
WiFiControl: Nearby WiFi APs successfully scanned (10 found).
ERR | 1518116214973 | Sonoff is not in pairing mode. Please, Long press until led start blinking fast.
WiFiControl: Scanning for nearby WiFi Access Points...
WiFiControl: Nearby WiFi APs successfully scanned (10 found).
ERR | 1518116216004 | Sonoff is not in pairing mode. Please, Long press until led start blinking fast.
WiFiControl: Scanning for nearby WiFi Access Points...
WiFiControl: Nearby WiFi APs successfully scanned (10 found).
ERR | 1518116216949 | Sonoff is not in pairing mode. Please, Long press until led start blinking fast.
WiFiControl: Scanning for nearby WiFi Access Points...
WiFiControl: Nearby WiFi APs successfully scanned (10 found).
ERR | 1518116217966 | Sonoff is not in pairing mode. Please, Long press until led start blinking fast.
WiFiControl: Scanning for nearby WiFi Access Points...
WiFiControl: Nearby WiFi APs successfully scanned (10 found).
ERR | 1518116218883 | Sonoff is not in pairing mode. Please, Long press until led start blinking fast.
WiFiControl: Scanning for nearby WiFi Access Points...
WiFiControl: Nearby WiFi APs successfully scanned (10 found).
ERR | 1518116219858 | Sonoff is not in pairing mode. Please, Long press until led start blinking fast.
WiFiControl: Scanning for nearby WiFi Access Points...
WiFiControl: Nearby WiFi APs successfully scanned (10 found).
ERR | 1518116220780 | Sonoff is not in pairing mode. Please, Long press until led start blinking fast.
WiFiControl: Scanning for nearby WiFi Access Points...
WiFiControl: Nearby WiFi APs successfully scanned (10 found).
ERR | 1518116221743 | Sonoff is not in pairing mode. Please, Long press until led start blinking fast.
WiFiControl: Scanning for nearby WiFi Access Points...
WiFiControl: Nearby WiFi APs successfully scanned (10 found).
ERR | 1518116222707 | Sonoff is not in pairing mode. Please, Long press until led start blinking fast.
WiFiControl: Scanning for nearby WiFi Access Points...
WiFiControl: Nearby WiFi APs successfully scanned (10 found).
ERR | 1518116223627 | Sonoff is not in pairing mode. Please, Long press until led start blinking fast.
WiFiControl: Scanning for nearby WiFi Access Points...
WiFiControl: Nearby WiFi APs successfully scanned (10 found).
ERR | 1518116224555 | Sonoff is not in pairing mode. Please, Long press until led start blinking fast.
WiFiControl: Scanning for nearby WiFi Access Points...
WiFiControl: Nearby WiFi APs successfully scanned (10 found).
ERR | 1518116225472 | Sonoff is not in pairing mode. Please, Long press until led start blinking fast.
WiFiControl: Scanning for nearby WiFi Access Points...
WiFiControl: Nearby WiFi APs successfully scanned (10 found).
ERR | 1518116226442 | Sonoff is not in pairing mode. Please, Long press until led start blinking fast.
WiFiControl: Scanning for nearby WiFi Access Points...
WiFiControl: Nearby WiFi APs successfully scanned (10 found).
ERR | 1518116227405 | Sonoff is not in pairing mode. Please, Long press until led start blinking fast.
WiFiControl: Scanning for nearby WiFi Access Points...
WiFiControl: Nearby WiFi APs successfully scanned (10 found).
ERR | 1518116228333 | Sonoff is not in pairing mode. Please, Long press until led start blinking fast.
WiFiControl: Scanning for nearby WiFi Access Points...
WiFiControl: Nearby WiFi APs successfully scanned (10 found).
ERR | 1518116229238 | Sonoff is not in pairing mode. Please, Long press until led start blinking fast.
WiFiControl: Scanning for nearby WiFi Access Points...
WiFiControl: Nearby WiFi APs successfully scanned (10 found).
ERR | 1518116230183 | Sonoff is not in pairing mode. Please, Long press until led start blinking fast.
WiFiControl: Scanning for nearby WiFi Access Points...
WiFiControl: Nearby WiFi APs successfully scanned (10 found).
ERR | 1518116231112 | Sonoff is not in pairing mode. Please, Long press until led start blinking fast.
WiFiControl: Scanning for nearby WiFi Access Points...
WiFiControl: Nearby WiFi APs successfully scanned (10 found).
ERR | 1518116232091 | Sonoff is not in pairing mode. Please, Long press until led start blinking fast.
WiFiControl: Scanning for nearby WiFi Access Points...
WiFiControl: Nearby WiFi APs successfully scanned (10 found).
ERR | 1518116233025 | Sonoff is not in pairing mode. Please, Long press until led start blinking fast.
WiFiControl: Scanning for nearby WiFi Access Points...
WiFiControl: Nearby WiFi APs successfully scanned (10 found).
ERR | 1518116233992 | Sonoff is not in pairing mode. Please, Long press until led start blinking fast.
WiFiControl: Scanning for nearby WiFi Access Points...
WiFiControl: Nearby WiFi APs successfully scanned (10 found).
ERR | 1518116234917 | Sonoff is not in pairing mode. Please, Long press until led start blinking fast.
WiFiControl: Scanning for nearby WiFi Access Points...
WiFiControl: Nearby WiFi APs successfully scanned (10 found).
ERR | 1518116235919 | Sonoff is not in pairing mode. Please, Long press until led start blinking fast.
WiFiControl: Scanning for nearby WiFi Access Points...
WiFiControl: Nearby WiFi APs successfully scanned (10 found).
ERR | 1518116236868 | Sonoff is not in pairing mode. Please, Long press until led start blinking fast.
WiFiControl: Scanning for nearby WiFi Access Points...
WiFiControl: Nearby WiFi APs successfully scanned (10 found).
ERR | 1518116237848 | Sonoff is not in pairing mode. Please, Long press until led start blinking fast.
WiFiControl: Scanning for nearby WiFi Access Points...
WiFiControl: Nearby WiFi APs successfully scanned (10 found).
ERR | 1518116238780 | Sonoff is not in pairing mode. Please, Long press until led start blinking fast.
WiFiControl: Scanning for nearby WiFi Access Points...
WiFiControl: Nearby WiFi APs successfully scanned (10 found).
ERR | 1518116239731 | Sonoff is not in pairing mode. Please, Long press until led start blinking fast.
WiFiControl: Scanning for nearby WiFi Access Points...
WiFiControl: Nearby WiFi APs successfully scanned (10 found).
ERR | 1518116240718 | Sonoff is not in pairing mode. Please, Long press until led start blinking fast.
WiFiControl: Scanning for nearby WiFi Access Points...
WiFiControl: Nearby WiFi APs successfully scanned (10 found).
ERR | 1518116241648 | Sonoff is not in pairing mode. Please, Long press until led start blinking fast.
WiFiControl: Scanning for nearby WiFi Access Points...
WiFiControl: Nearby WiFi APs successfully scanned (10 found).
ERR | 1518116242632 | Sonoff is not in pairing mode. Please, Long press until led start blinking fast.
WiFiControl: Scanning for nearby WiFi Access Points...
WiFiControl: Nearby WiFi APs successfully scanned (10 found).
ERR | 1518116243617 | Sonoff is not in pairing mode. Please, Long press until led start blinking fast.
WiFiControl: Scanning for nearby WiFi Access Points...
WiFiControl: Nearby WiFi APs successfully scanned (10 found).
ERR | 1518116244565 | Sonoff is not in pairing mode. Please, Long press until led start blinking fast.
WiFiControl: Scanning for nearby WiFi Access Points...
WiFiControl: Nearby WiFi APs successfully scanned (10 found).
ERR | 1518116245512 | Sonoff is not in pairing mode. Please, Long press until led start blinking fast.
WiFiControl: Scanning for nearby WiFi Access Points...
WiFiControl: Nearby WiFi APs successfully scanned (10 found).
ERR | 1518116246479 | Sonoff is not in pairing mode. Please, Long press until led start blinking fast.
WiFiControl: Scanning for nearby WiFi Access Points...
WiFiControl: Nearby WiFi APs successfully scanned (10 found).
ERR | 1518116247461 | Sonoff is not in pairing mode. Please, Long press until led start blinking fast.
WiFiControl: Scanning for nearby WiFi Access Points...
WiFiControl: Nearby WiFi APs successfully scanned (11 found).
ERR | 1518116248429 | Sonoff is not in pairing mode. Please, Long press until led start blinking fast.
WiFiControl: Scanning for nearby WiFi Access Points...
WiFiControl: Nearby WiFi APs successfully scanned (11 found).
ERR | 1518116249358 | Sonoff is not in pairing mode. Please, Long press until led start blinking fast.
WiFiControl: Scanning for nearby WiFi Access Points...
WiFiControl: Nearby WiFi APs successfully scanned (11 found).
ERR | 1518116250282 | Sonoff is not in pairing mode. Please, Long press until led start blinking fast.
WiFiControl: Scanning for nearby WiFi Access Points...
WiFiControl: Nearby WiFi APs successfully scanned (11 found).
ERR | 1518116251252 | Sonoff is not in pairing mode. Please, Long press until led start blinking fast.
WiFiControl: Scanning for nearby WiFi Access Points...
WiFiControl: Nearby WiFi APs successfully scanned (11 found).
ERR | 1518116252195 | Sonoff is not in pairing mode. Please, Long press until led start blinking fast.
WiFiControl: Scanning for nearby WiFi Access Points...
WiFiControl: Nearby WiFi APs successfully scanned (11 found).
ERR | 1518116253157 | Sonoff is not in pairing mode. Please, Long press until led start blinking fast.
WiFiControl: Scanning for nearby WiFi Access Points...
WiFiControl: Nearby WiFi APs successfully scanned (11 found).
ERR | 1518116254117 | Sonoff is not in pairing mode. Please, Long press until led start blinking fast.
WiFiControl: Scanning for nearby WiFi Access Points...
WiFiControl: Nearby WiFi APs successfully scanned (11 found).
ERR | 1518116255067 | Sonoff is not in pairing mode. Please, Long press until led start blinking fast.
WiFiControl: Scanning for nearby WiFi Access Points...
WiFiControl: Nearby WiFi APs successfully scanned (11 found).
ERR | 1518116256029 | Sonoff is not in pairing mode. Please, Long press until led start blinking fast.
WiFiControl: Scanning for nearby WiFi Access Points...
WiFiControl: Nearby WiFi APs successfully scanned (11 found).
ERR | 1518116256965 | Sonoff is not in pairing mode. Please, Long press until led start blinking fast.
WiFiControl: Scanning for nearby WiFi Access Points...
WiFiControl: Nearby WiFi APs successfully scanned (11 found).
ERR | 1518116257882 | Sonoff is not in pairing mode. Please, Long press until led start blinking fast.
WiFiControl: Scanning for nearby WiFi Access Points...
WiFiControl: Nearby WiFi APs successfully scanned (11 found).
ERR | 1518116258828 | Sonoff is not in pairing mode. Please, Long press until led start blinking fast.
WiFiControl: Scanning for nearby WiFi Access Points...
WiFiControl: Nearby WiFi APs successfully scanned (11 found).
ERR | 1518116259794 | Sonoff is not in pairing mode. Please, Long press until led start blinking fast.
WiFiControl: Scanning for nearby WiFi Access Points...
WiFiControl: Nearby WiFi APs successfully scanned (11 found).
ERR | 1518116260730 | Sonoff is not in pairing mode. Please, Long press until led start blinking fast.
WiFiControl: Scanning for nearby WiFi Access Points...
WiFiControl: Nearby WiFi APs successfully scanned (11 found).
ERR | 1518116261676 | Sonoff is not in pairing mode. Please, Long press until led start blinking fast.
WiFiControl: Scanning for nearby WiFi Access Points...
WiFiControl: Nearby WiFi APs successfully scanned (11 found).
ERR | 1518116262648 | Sonoff is not in pairing mode. Please, Long press until led start blinking fast.
WiFiControl: Scanning for nearby WiFi Access Points...
WiFiControl: Nearby WiFi APs successfully scanned (11 found).
ERR | 1518116263571 | Sonoff is not in pairing mode. Please, Long press until led start blinking fast.
WiFiControl: Scanning for nearby WiFi Access Points...
WiFiControl: Nearby WiFi APs successfully scanned (11 found).
ERR | 1518116264493 | Sonoff is not in pairing mode. Please, Long press until led start blinking fast.
WiFiControl: Scanning for nearby WiFi Access Points...
WiFiControl: Nearby WiFi APs successfully scanned (11 found).
ERR | 1518116265493 | Sonoff is not in pairing mode. Please, Long press until led start blinking fast.
WiFiControl: Scanning for nearby WiFi Access Points...
WiFiControl: Nearby WiFi APs successfully scanned (11 found).
ERR | 1518116266455 | Sonoff is not in pairing mode. Please, Long press until led start blinking fast.
WiFiControl: Scanning for nearby WiFi Access Points...
WiFiControl: Nearby WiFi APs successfully scanned (11 found).
ERR | 1518116267423 | Sonoff is not in pairing mode. Please, Long press until led start blinking fast.
WiFiControl: Scanning for nearby WiFi Access Points...
WiFiControl: Nearby WiFi APs successfully scanned (11 found).
ERR | 1518116268422 | Sonoff is not in pairing mode. Please, Long press until led start blinking fast.
WiFiControl: Scanning for nearby WiFi Access Points...
WiFiControl: Nearby WiFi APs successfully scanned (11 found).
ERR | 1518116269362 | Sonoff is not in pairing mode. Please, Long press until led start blinking fast.
WiFiControl: Scanning for nearby WiFi Access Points...
WiFiControl: Nearby WiFi APs successfully scanned (11 found).
ERR | 1518116270317 | Sonoff is not in pairing mode. Please, Long press until led start blinking fast.
WiFiControl: Scanning for nearby WiFi Access Points...
WiFiControl: Nearby WiFi APs successfully scanned (11 found).
ERR | 1518116271300 | Sonoff is not in pairing mode. Please, Long press until led start blinking fast.
WiFiControl: Scanning for nearby WiFi Access Points...
WiFiControl: Nearby WiFi APs successfully scanned (11 found).
ERR | 1518116272221 | Sonoff is not in pairing mode. Please, Long press until led start blinking fast.
WiFiControl: Scanning for nearby WiFi Access Points...
WiFiControl: Nearby WiFi APs successfully scanned (11 found).
ERR | 1518116273155 | Sonoff is not in pairing mode. Please, Long press until led start blinking fast.
WiFiControl: Scanning for nearby WiFi Access Points...
WiFiControl: Nearby WiFi APs successfully scanned (11 found).
ERR | 1518116274143 | Sonoff is not in pairing mode. Please, Long press until led start blinking fast.
WiFiControl: Scanning for nearby WiFi Access Points...
WiFiControl: Nearby WiFi APs successfully scanned (11 found).
ERR | 1518116275114 | Sonoff is not in pairing mode. Please, Long press until led start blinking fast.
WiFiControl: Scanning for nearby WiFi Access Points...
WiFiControl: Nearby WiFi APs successfully scanned (11 found).
ERR | 1518116276072 | Sonoff is not in pairing mode. Please, Long press until led start blinking fast.
WiFiControl: Scanning for nearby WiFi Access Points...
WiFiControl: Nearby WiFi APs successfully scanned (11 found).
ERR | 1518116277060 | Sonoff is not in pairing mode. Please, Long press until led start blinking fast.
WiFiControl: Scanning for nearby WiFi Access Points...
WiFiControl: Nearby WiFi APs successfully scanned (11 found).
ERR | 1518116278022 | Sonoff is not in pairing mode. Please, Long press until led start blinking fast.
WiFiControl: Scanning for nearby WiFi Access Points...
WiFiControl: Nearby WiFi APs successfully scanned (11 found).
ERR | 1518116279003 | Sonoff is not in pairing mode. Please, Long press until led start blinking fast.
WiFiControl: Scanning for nearby WiFi Access Points...
WiFiControl: Nearby WiFi APs successfully scanned (11 found).
ERR | 1518116279955 | Sonoff is not in pairing mode. Please, Long press until led start blinking fast.
WiFiControl: Scanning for nearby WiFi Access Points...
WiFiControl: Nearby WiFi APs successfully scanned (11 found).
ERR | 1518116280916 | Sonoff is not in pairing mode. Please, Long press until led start blinking fast.
WiFiControl: Scanning for nearby WiFi Access Points...
WiFiControl: Nearby WiFi APs successfully scanned (11 found).
ERR | 1518116281914 | Sonoff is not in pairing mode. Please, Long press until led start blinking fast.
WiFiControl: Scanning for nearby WiFi Access Points...
WiFiControl: Nearby WiFi APs successfully scanned (11 found).
ERR | 1518116282889 | Sonoff is not in pairing mode. Please, Long press until led start blinking fast.
WiFiControl: Scanning for nearby WiFi Access Points...
WiFiControl: Nearby WiFi APs successfully scanned (11 found).
ERR | 1518116283858 | Sonoff is not in pairing mode. Please, Long press until led start blinking fast.
WiFiControl: Scanning for nearby WiFi Access Points...
WiFiControl: Nearby WiFi APs successfully scanned (11 found).
ERR | 1518116284837 | Sonoff is not in pairing mode. Please, Long press until led start blinking fast.
WiFiControl: Scanning for nearby WiFi Access Points...
WiFiControl: Nearby WiFi APs successfully scanned (11 found).
ERR | 1518116285765 | Sonoff is not in pairing mode. Please, Long press until led start blinking fast.
WiFiControl: Scanning for nearby WiFi Access Points...
WiFiControl: Nearby WiFi APs successfully scanned (11 found).
ERR | 1518116286677 | Sonoff is not in pairing mode. Please, Long press until led start blinking fast.
WiFiControl: Scanning for nearby WiFi Access Points...
WiFiControl: Nearby WiFi APs successfully scanned (11 found).
ERR | 1518116287652 | Sonoff is not in pairing mode. Please, Long press until led start blinking fast.
WiFiControl: Scanning for nearby WiFi Access Points...
WiFiControl: Nearby WiFi APs successfully scanned (11 found).
ERR | 1518116288579 | Sonoff is not in pairing mode. Please, Long press until led start blinking fast.
WiFiControl: Scanning for nearby WiFi Access Points...
WiFiControl: Nearby WiFi APs successfully scanned (11 found).
ERR | 1518116289552 | Sonoff is not in pairing mode. Please, Long press until led start blinking fast.
WiFiControl: Scanning for nearby WiFi Access Points...
WiFiControl: Nearby WiFi APs successfully scanned (11 found).
ERR | 1518116290537 | Sonoff is not in pairing mode. Please, Long press until led start blinking fast.
WiFiControl: Scanning for nearby WiFi Access Points...
WiFiControl: Nearby WiFi APs successfully scanned (11 found).
ERR | 1518116291513 | Sonoff is not in pairing mode. Please, Long press until led start blinking fast.
WiFiControl: Scanning for nearby WiFi Access Points...
WiFiControl: Nearby WiFi APs successfully scanned (11 found).
ERR | 1518116292469 | Sonoff is not in pairing mode. Please, Long press until led start blinking fast.
WiFiControl: Scanning for nearby WiFi Access Points...
WiFiControl: Nearby WiFi APs successfully scanned (11 found).
ERR | 1518116293467 | Sonoff is not in pairing mode. Please, Long press until led start blinking fast.
WiFiControl: Scanning for nearby WiFi Access Points...
WiFiControl: Nearby WiFi APs successfully scanned (11 found).
ERR | 1518116294420 | Sonoff is not in pairing mode. Please, Long press until led start blinking fast.
WiFiControl: Scanning for nearby WiFi Access Points...
WiFiControl: Nearby WiFi APs successfully scanned (11 found).
ERR | 1518116295425 | Sonoff is not in pairing mode. Please, Long press until led start blinking fast.
WiFiControl: Scanning for nearby WiFi Access Points...
WiFiControl: Nearby WiFi APs successfully scanned (11 found).
ERR | 1518116296385 | Sonoff is not in pairing mode. Please, Long press until led start blinking fast.
WiFiControl: Scanning for nearby WiFi Access Points...
WiFiControl: Nearby WiFi APs successfully scanned (11 found).
ERR | 1518116297311 | Sonoff is not in pairing mode. Please, Long press until led start blinking fast.
WiFiControl: Scanning for nearby WiFi Access Points...
WiFiControl: Nearby WiFi APs successfully scanned (11 found).
ERR | 1518116298306 | Sonoff is not in pairing mode. Please, Long press until led start blinking fast.
WiFiControl: Scanning for nearby WiFi Access Points...
WiFiControl: Nearby WiFi APs successfully scanned (11 found).
ERR | 1518116299219 | Sonoff is not in pairing mode. Please, Long press until led start blinking fast.
WiFiControl: Scanning for nearby WiFi Access Points...
WiFiControl: Nearby WiFi APs successfully scanned (11 found).
ERR | 1518116300133 | Sonoff is not in pairing mode. Please, Long press until led start blinking fast.
WiFiControl: Scanning for nearby WiFi Access Points...
WiFiControl: Nearby WiFi APs successfully scanned (11 found).
ERR | 1518116301100 | Sonoff is not in pairing mode. Please, Long press until led start blinking fast.
WiFiControl: Scanning for nearby WiFi Access Points...
WiFiControl: Nearby WiFi APs successfully scanned (11 found).
ERR | 1518116302072 | Sonoff is not in pairing mode. Please, Long press until led start blinking fast.
WiFiControl: Scanning for nearby WiFi Access Points...
WiFiControl: Nearby WiFi APs successfully scanned (11 found).
ERR | 1518116303019 | Sonoff is not in pairing mode. Please, Long press until led start blinking fast.
WiFiControl: Scanning for nearby WiFi Access Points...
WiFiControl: Nearby WiFi APs successfully scanned (11 found).
ERR | 1518116303985 | Sonoff is not in pairing mode. Please, Long press until led start blinking fast.
WiFiControl: Scanning for nearby WiFi Access Points...
WiFiControl: Nearby WiFi APs successfully scanned (11 found).
ERR | 1518116304911 | Sonoff is not in pairing mode. Please, Long press until led start blinking fast.
WiFiControl: Scanning for nearby WiFi Access Points...
WiFiControl: Nearby WiFi APs successfully scanned (11 found).
ERR | 1518116305855 | Sonoff is not in pairing mode. Please, Long press until led start blinking fast.
WiFiControl: Debug mode set to: true
WiFiControl: Determining system wireless interface...
WiFiControl: Host machine is Linux.
WiFiControl: Executing: nmcli -m multiline device status | grep wlan
WiFiControl: Automatically located wireless interface wlan0.
WiFiControl: Scanning for nearby WiFi Access Points...
WiFiControl: Nearby WiFi APs successfully scanned (11 found).
ERR | 1518116740397 | Sonoff is not in pairing mode. Please, Long press until led start blinking fast.
WiFiControl: Scanning for nearby WiFi Access Points...
WiFiControl: Nearby WiFi APs successfully scanned (11 found).
ERR | 1518116741369 | Sonoff is not in pairing mode. Please, Long press until led start blinking fast.
WiFiControl: Scanning for nearby WiFi Access Points...
WiFiControl: Nearby WiFi APs successfully scanned (11 found).
ERR | 1518116742348 | Sonoff is not in pairing mode. Please, Long press until led start blinking fast.
WiFiControl: Scanning for nearby WiFi Access Points...
WiFiControl: Nearby WiFi APs successfully scanned (11 found).
ERR | 1518116743342 | Sonoff is not in pairing mode. Please, Long press until led start blinking fast.
WiFiControl: Scanning for nearby WiFi Access Points...
WiFiControl: Nearby WiFi APs successfully scanned (11 found).
ERR | 1518116744339 | Sonoff is not in pairing mode. Please, Long press until led start blinking fast.
WiFiControl: Scanning for nearby WiFi Access Points...
WiFiControl: Nearby WiFi APs successfully scanned (11 found).
ERR | 1518116745501 | Sonoff is not in pairing mode. Please, Long press until led start blinking fast.
WiFiControl: Scanning for nearby WiFi Access Points...
WiFiControl: Nearby WiFi APs successfully scanned (11 found).
ERR | 1518116746567 | Sonoff is not in pairing mode. Please, Long press until led start blinking fast.
WiFiControl: Scanning for nearby WiFi Access Points...
WiFiControl: Nearby WiFi APs successfully scanned (11 found).
ERR | 1518116747595 | Sonoff is not in pairing mode. Please, Long press until led start blinking fast.
WiFiControl: Scanning for nearby WiFi Access Points...
WiFiControl: Nearby WiFi APs successfully scanned (11 found).
ERR | 1518116748520 | Sonoff is not in pairing mode. Please, Long press until led start blinking fast.
WiFiControl: Scanning for nearby WiFi Access Points...
WiFiControl: Nearby WiFi APs successfully scanned (11 found).
ERR | 1518116749489 | Sonoff is not in pairing mode. Please, Long press until led start blinking fast.
WiFiControl: Scanning for nearby WiFi Access Points...
WiFiControl: Nearby WiFi APs successfully scanned (11 found).
ERR | 1518116750461 | Sonoff is not in pairing mode. Please, Long press until led start blinking fast.
WiFiControl: Scanning for nearby WiFi Access Points...
WiFiControl: Nearby WiFi APs successfully scanned (11 found).
ERR | 1518116751448 | Sonoff is not in pairing mode. Please, Long press until led start blinking fast.
WiFiControl: Scanning for nearby WiFi Access Points...
WiFiControl: Nearby WiFi APs successfully scanned (11 found).
ERR | 1518116752434 | Sonoff is not in pairing mode. Please, Long press until led start blinking fast.
WiFiControl: Scanning for nearby WiFi Access Points...
WiFiControl: Nearby WiFi APs successfully scanned (11 found).
ERR | 1518116753406 | Sonoff is not in pairing mode. Please, Long press until led start blinking fast.
WiFiControl: Scanning for nearby WiFi Access Points...
WiFiControl: Nearby WiFi APs successfully scanned (11 found).
ERR | 1518116754325 | Sonoff is not in pairing mode. Please, Long press until led start blinking fast.
WiFiControl: Scanning for nearby WiFi Access Points...
WiFiControl: Nearby WiFi APs successfully scanned (11 found).
ERR | 1518116755258 | Sonoff is not in pairing mode. Please, Long press until led start blinking fast.
WiFiControl: Scanning for nearby WiFi Access Points...
WiFiControl: Nearby WiFi APs successfully scanned (11 found).
ERR | 1518116756236 | Sonoff is not in pairing mode. Please, Long press until led start blinking fast.
WiFiControl: Scanning for nearby WiFi Access Points...
WiFiControl: Nearby WiFi APs successfully scanned (11 found).
ERR | 1518116757247 | Sonoff is not in pairing mode. Please, Long press until led start blinking fast.
WiFiControl: Scanning for nearby WiFi Access Points...
WiFiControl: Nearby WiFi APs successfully scanned (11 found).
ERR | 1518116758169 | Sonoff is not in pairing mode. Please, Long press until led start blinking fast.
WiFiControl: Scanning for nearby WiFi Access Points...
WiFiControl: Nearby WiFi APs successfully scanned (11 found).
ERR | 1518116759134 | Sonoff is not in pairing mode. Please, Long press until led start blinking fast.
WiFiControl: Scanning for nearby WiFi Access Points...
WiFiControl: Nearby WiFi APs successfully scanned (11 found).
ERR | 1518116760055 | Sonoff is not in pairing mode. Please, Long press until led start blinking fast.
WiFiControl: Scanning for nearby WiFi Access Points...
WiFiControl: Nearby WiFi APs successfully scanned (11 found).
ERR | 1518116761019 | Sonoff is not in pairing mode. Please, Long press until led start blinking fast.
WiFiControl: Scanning for nearby WiFi Access Points...
WiFiControl: Nearby WiFi APs successfully scanned (11 found).
ERR | 1518116761994 | Sonoff is not in pairing mode. Please, Long press until led start blinking fast.
WiFiControl: Scanning for nearby WiFi Access Points...
WiFiControl: Nearby WiFi APs successfully scanned (11 found).
ERR | 1518116762982 | Sonoff is not in pairing mode. Please, Long press until led start blinking fast.
WiFiControl: Scanning for nearby WiFi Access Points...
WiFiControl: Nearby WiFi APs successfully scanned (11 found).
ERR | 1518116763917 | Sonoff is not in pairing mode. Please, Long press until led start blinking fast.
WiFiControl: Scanning for nearby WiFi Access Points...
WiFiControl: Nearby WiFi APs successfully scanned (11 found).
ERR | 1518116764909 | Sonoff is not in pairing mode. Please, Long press until led start blinking fast.
WiFiControl: Scanning for nearby WiFi Access Points...
WiFiControl: Nearby WiFi APs successfully scanned (11 found).
ERR | 1518116765896 | Sonoff is not in pairing mode. Please, Long press until led start blinking fast.
WiFiControl: Scanning for nearby WiFi Access Points...
WiFiControl: Nearby WiFi APs successfully scanned (11 found).
ERR | 1518116766905 | Sonoff is not in pairing mode. Please, Long press until led start blinking fast.
WiFiControl: Scanning for nearby WiFi Access Points...
WiFiControl: Nearby WiFi APs successfully scanned (11 found).
ERR | 1518116767886 | Sonoff is not in pairing mode. Please, Long press until led start blinking fast.
WiFiControl: Scanning for nearby WiFi Access Points...
WiFiControl: Nearby WiFi APs successfully scanned (11 found).
ERR | 1518116768813 | Sonoff is not in pairing mode. Please, Long press until led start blinking fast.
WiFiControl: Scanning for nearby WiFi Access Points...
WiFiControl: Nearby WiFi APs successfully scanned (11 found).
ERR | 1518116769781 | Sonoff is not in pairing mode. Please, Long press until led start blinking fast.
WiFiControl: Scanning for nearby WiFi Access Points...
WiFiControl: Nearby WiFi APs successfully scanned (11 found).
ERR | 1518116770745 | Sonoff is not in pairing mode. Please, Long press until led start blinking fast.
WiFiControl: Scanning for nearby WiFi Access Points...
WiFiControl: Nearby WiFi APs successfully scanned (11 found).
ERR | 1518116771678 | Sonoff is not in pairing mode. Please, Long press until led start blinking fast.
WiFiControl: Scanning for nearby WiFi Access Points...
WiFiControl: Nearby WiFi APs successfully scanned (11 found).
ERR | 1518116772750 | Sonoff is not in pairing mode. Please, Long press until led start blinking fast.
WiFiControl: Scanning for nearby WiFi Access Points...
WiFiControl: Nearby WiFi APs successfully scanned (11 found).
ERR | 1518116773804 | Sonoff is not in pairing mode. Please, Long press until led start blinking fast.
WiFiControl: Scanning for nearby WiFi Access Points...
WiFiControl: Nearby WiFi APs successfully scanned (11 found).
ERR | 1518116774876 | Sonoff is not in pairing mode. Please, Long press until led start blinking fast.
WiFiControl: Scanning for nearby WiFi Access Points...
WiFiControl: Nearby WiFi APs successfully scanned (11 found).
ERR | 1518116775978 | Sonoff is not in pairing mode. Please, Long press until led start blinking fast.
WiFiControl: Scanning for nearby WiFi Access Points...
WiFiControl: Nearby WiFi APs successfully scanned (11 found).
ERR | 1518116777014 | Sonoff is not in pairing mode. Please, Long press until led start blinking fast.
WiFiControl: Scanning for nearby WiFi Access Points...
WiFiControl: Nearby WiFi APs successfully scanned (11 found).
ERR | 1518116778004 | Sonoff is not in pairing mode. Please, Long press until led start blinking fast.
WiFiControl: Scanning for nearby WiFi Access Points...
WiFiControl: Nearby WiFi APs successfully scanned (11 found).
ERR | 1518116778936 | Sonoff is not in pairing mode. Please, Long press until led start blinking fast.
WiFiControl: Scanning for nearby WiFi Access Points...
WiFiControl: Nearby WiFi APs successfully scanned (11 found).
ERR | 1518116779925 | Sonoff is not in pairing mode. Please, Long press until led start blinking fast.
WiFiControl: Scanning for nearby WiFi Access Points...
WiFiControl: Nearby WiFi APs successfully scanned (11 found).
ERR | 1518116780894 | Sonoff is not in pairing mode. Please, Long press until led start blinking fast.
WiFiControl: Scanning for nearby WiFi Access Points...
WiFiControl: Nearby WiFi APs successfully scanned (11 found).
ERR | 1518116781826 | Sonoff is not in pairing mode. Please, Long press until led start blinking fast.
WiFiControl: Scanning for nearby WiFi Access Points...
WiFiControl: Nearby WiFi APs successfully scanned (11 found).
ERR | 1518116782815 | Sonoff is not in pairing mode. Please, Long press until led start blinking fast.
WiFiControl: Scanning for nearby WiFi Access Points...
WiFiControl: Nearby WiFi APs successfully scanned (11 found).
ERR | 1518116783734 | Sonoff is not in pairing mode. Please, Long press until led start blinking fast.
WiFiControl: Scanning for nearby WiFi Access Points...
WiFiControl: Nearby WiFi APs successfully scanned (11 found).
ERR | 1518116784677 | Sonoff is not in pairing mode. Please, Long press until led start blinking fast.
WiFiControl: Scanning for nearby WiFi Access Points...
WiFiControl: Nearby WiFi APs successfully scanned (11 found).
ERR | 1518116785609 | Sonoff is not in pairing mode. Please, Long press until led start blinking fast.
WiFiControl: Scanning for nearby WiFi Access Points...
WiFiControl: Nearby WiFi APs successfully scanned (11 found).
ERR | 1518116786568 | Sonoff is not in pairing mode. Please, Long press until led start blinking fast.
WiFiControl: Scanning for nearby WiFi Access Points...
WiFiControl: Nearby WiFi APs successfully scanned (11 found).
ERR | 1518116787490 | Sonoff is not in pairing mode. Please, Long press until led start blinking fast.
WiFiControl: Scanning for nearby WiFi Access Points...
WiFiControl: Nearby WiFi APs successfully scanned (11 found).
ERR | 1518116788412 | Sonoff is not in pairing mode. Please, Long press until led start blinking fast.
WiFiControl: Scanning for nearby WiFi Access Points...
WiFiControl: Nearby WiFi APs successfully scanned (11 found).
ERR | 1518116789369 | Sonoff is not in pairing mode. Please, Long press until led start blinking fast.
WiFiControl: Scanning for nearby WiFi Access Points...
WiFiControl: Nearby WiFi APs successfully scanned (11 found).
ERR | 1518116790319 | Sonoff is not in pairing mode. Please, Long press until led start blinking fast.
WiFiControl: Scanning for nearby WiFi Access Points...
WiFiControl: Nearby WiFi APs successfully scanned (11 found).
ERR | 1518116791255 | Sonoff is not in pairing mode. Please, Long press until led start blinking fast.
WiFiControl: Scanning for nearby WiFi Access Points...
WiFiControl: Nearby WiFi APs successfully scanned (11 found).
ERR | 1518116792213 | Sonoff is not in pairing mode. Please, Long press until led start blinking fast.
WiFiControl: Scanning for nearby WiFi Access Points...
WiFiControl: Nearby WiFi APs successfully scanned (11 found).
ERR | 1518116793177 | Sonoff is not in pairing mode. Please, Long press until led start blinking fast.
WiFiControl: Scanning for nearby WiFi Access Points...
WiFiControl: Nearby WiFi APs successfully scanned (11 found).
ERR | 1518116794110 | Sonoff is not in pairing mode. Please, Long press until led start blinking fast.
WiFiControl: Scanning for nearby WiFi Access Points...
WiFiControl: Nearby WiFi APs successfully scanned (11 found).
ERR | 1518116795040 | Sonoff is not in pairing mode. Please, Long press until led start blinking fast.
WiFiControl: Scanning for nearby WiFi Access Points...
WiFiControl: Debug mode set to: true
WiFiControl: Determining system wireless interface...
WiFiControl: Host machine is Windows.
WiFiControl: Executing: echo wlan
WiFiControl: Automatically located wireless interface wlan.
WiFiControl: Scanning for nearby WiFi Access Points...
WiFiControl: Nearby WiFi APs successfully scanned (15 found).
OK | Sonoff found in pairing mode.
WiFiControl: Generating win32 wireless profile...
WiFiControl: Executing:	netsh wlan add profile filename="ITEAD-1000139e0b.xml"
WiFiControl: Success!
WiFiControl: Executing:	netsh wlan connect ssid="ITEAD-1000139e0b" name="ITEAD-1000139e0b"
WiFiControl: Success!
WiFiControl: Removing temporary WiFi config file...
WiFiControl: WiFi connection request to "ITEAD-1000139e0b" has been processed.
WiFiControl: Successfully connected to "ITEAD-1000139e0b"
OK | Sonoff paired. { success: true,
  msg: 'Successfully connected to "ITEAD-1000139e0b"' }
device: {"deviceid":"1000139e0b","apikey":"38f564c6-2732-41bd-bcdc-d1fae36333ea"}
{"statusCode":200,"body":{"error":0},"headers":{"content-type":"application/json","connection":"keep-alive","content-length":"11"},"request":{"uri":{"protocol":"http:","slashes":true,"auth":null,"host":"10.10.7.1","port":80,"hostname":"10.10.7.1","hash":null,"search":null,"query":null,"pathname":"/ap","path":"/ap","href":"http://10.10.7.1/ap"},"method":"POST","headers":{"accept":"application/json","content-type":"application/json","content-length":99}}}	[object Object]
